{
  "RSpec": {
    "coverage": {
      "/home/mortensh/job/numbers_and_words/lib/numbers_and_words.rb": [
        1,
        1,
        1,
        1,
        1,
        null,
        1,
        1,
        1,
        1,
        1,
        1,
        1,
        null,
        1
      ],
      "/home/mortensh/job/numbers_and_words/lib/numbers_and_words/translations.rb": [
        1,
        1,
        1,
        1,
        1,
        1,
        1,
        1,
        1,
        1,
        1,
        1,
        1,
        1,
        1,
        1,
        1,
        null,
        1,
        1,
        1,
        1,
        1080,
        null,
        null,
        null,
        null
      ],
      "/home/mortensh/job/numbers_and_words/lib/numbers_and_words/translations/base.rb": [
        1,
        1,
        1,
        1,
        null,
        1,
        4304,
        null,
        null,
        null,
        null
      ],
      "/home/mortensh/job/numbers_and_words/lib/numbers_and_words/translations/families/base.rb": [
        1,
        1,
        1,
        1,
        null,
        1,
        337,
        null,
        null,
        1,
        562,
        null,
        null,
        1,
        194,
        null,
        null,
        1,
        537,
        537,
        null,
        null,
        1,
        178,
        null,
        null,
        1,
        10,
        null,
        null,
        1,
        160,
        null,
        null,
        null,
        null,
        null
      ],
      "/home/mortensh/job/numbers_and_words/lib/numbers_and_words/translations/families/cyrillic.rb": [
        1,
        1,
        1,
        1,
        1,
        null,
        1,
        150,
        null,
        null,
        1,
        96,
        null,
        null,
        1,
        124,
        null,
        null,
        1,
        26,
        null,
        null,
        1,
        30,
        null,
        null,
        null,
        null,
        null
      ],
      "/home/mortensh/job/numbers_and_words/lib/numbers_and_words/translations/families/latin.rb": [
        1,
        1,
        1,
        1,
        1,
        null,
        null,
        null,
        1,
        671,
        null,
        null,
        1,
        294,
        null,
        null,
        1,
        52,
        null,
        null,
        null,
        null,
        null
      ],
      "/home/mortensh/job/numbers_and_words/lib/numbers_and_words/translations/extensions/fraction_significance.rb": [
        1,
        1,
        1,
        1,
        null,
        1,
        38,
        38,
        38,
        null,
        null,
        1,
        38,
        null,
        null,
        1,
        38,
        4,
        10,
        null,
        null,
        null,
        null,
        null,
        null
      ],
      "/home/mortensh/job/numbers_and_words/lib/numbers_and_words/translations/ru.rb": [
        1,
        1,
        1,
        1,
        1,
        null,
        1,
        15,
        15,
        15,
        null,
        null,
        1,
        15,
        2,
        4,
        null,
        null,
        null,
        null,
        null,
        null,
        null,
        null,
        null
      ],
      "/home/mortensh/job/numbers_and_words/lib/numbers_and_words/translations/en.rb": [
        1,
        1,
        1,
        1,
        1,
        null,
        null,
        null
      ],
      "/home/mortensh/job/numbers_and_words/lib/numbers_and_words/translations/en_gb.rb": [
        1,
        1,
        1,
        null,
        null,
        null
      ],
      "/home/mortensh/job/numbers_and_words/lib/numbers_and_words/translations/ua.rb": [
        1,
        1,
        1,
        1,
        1,
        null,
        1,
        15,
        15,
        15,
        null,
        null,
        1,
        15,
        2,
        4,
        null,
        null,
        null,
        null,
        null
      ],
      "/home/mortensh/job/numbers_and_words/lib/numbers_and_words/translations/tr.rb": [
        1,
        1,
        1,
        1,
        null,
        1,
        26,
        null,
        null,
        null,
        null
      ],
      "/home/mortensh/job/numbers_and_words/lib/numbers_and_words/translations/fr.rb": [
        1,
        1,
        1,
        1,
        null,
        1,
        null,
        1,
        66,
        66,
        null,
        null,
        1,
        56,
        45,
        null,
        11,
        11,
        null,
        null,
        null,
        1,
        52,
        52,
        52,
        null,
        null,
        null,
        null
      ],
      "/home/mortensh/job/numbers_and_words/lib/numbers_and_words/translations/nl.rb": [
        1,
        1,
        1,
        1,
        null,
        1,
        26,
        null,
        null,
        1,
        42,
        null,
        null,
        null,
        null
      ],
      "/home/mortensh/job/numbers_and_words/lib/numbers_and_words/translations/it.rb": [
        1,
        1,
        1,
        1,
        null,
        1,
        26,
        null,
        null,
        1,
        42,
        null,
        null,
        null,
        null
      ],
      "/home/mortensh/job/numbers_and_words/lib/numbers_and_words/translations/hu.rb": [
        1,
        1,
        1,
        1,
        1,
        null,
        1,
        122,
        122,
        null,
        null,
        1,
        74,
        74,
        null,
        null,
        1,
        17,
        null,
        null,
        1,
        0,
        null,
        null,
        null,
        null
      ],
      "/home/mortensh/job/numbers_and_words/lib/numbers_and_words/translations/se.rb": [
        1,
        1,
        1,
        1,
        null,
        1,
        26,
        null,
        null,
        null,
        null
      ],
      "/home/mortensh/job/numbers_and_words/lib/numbers_and_words/translations/es.rb": [
        1,
        1,
        1,
        1,
        null,
        1,
        null,
        1,
        59,
        null,
        null,
        1,
        143,
        null,
        null,
        1,
        33,
        33,
        null,
        null,
        1,
        26,
        26,
        null,
        null,
        1,
        42,
        42,
        null,
        null,
        1,
        37,
        37,
        null,
        null,
        null,
        null
      ],
      "/home/mortensh/job/numbers_and_words/lib/numbers_and_words/translations/lv.rb": [
        1,
        1,
        1,
        1,
        null,
        1,
        38,
        null,
        null,
        1,
        31,
        null,
        null,
        null,
        1,
        52,
        52,
        null,
        null,
        null,
        null
      ],
      "/home/mortensh/job/numbers_and_words/lib/numbers_and_words/strategies.rb": [
        1,
        1,
        null,
        1,
        1,
        1,
        1,
        994,
        null,
        null,
        1,
        86,
        null,
        null,
        null,
        null
      ],
      "/home/mortensh/job/numbers_and_words/lib/numbers_and_words/strategies/figures_converter.rb": [
        1,
        1,
        1,
        null,
        1,
        1,
        1,
        1,
        null,
        1,
        null,
        1,
        994,
        null,
        994,
        994,
        994,
        994,
        null,
        null,
        1,
        1970,
        null,
        null,
        1,
        null,
        1,
        1970,
        null,
        null,
        null,
        null,
        null
      ],
      "/home/mortensh/job/numbers_and_words/lib/numbers_and_words/strategies/figures_converter/languages.rb": [
        1,
        1,
        null,
        1,
        null,
        1,
        null,
        1,
        1,
        1,
        1,
        1,
        1,
        1,
        1,
        1,
        1,
        null,
        1,
        null,
        1,
        1,
        null,
        null,
        1,
        1,
        1,
        1,
        1,
        1,
        994,
        null,
        null,
        null,
        null,
        null,
        null
      ],
      "/home/mortensh/job/numbers_and_words/lib/numbers_and_words/strategies/figures_converter/languages/families/helpers.rb": [
        1,
        1,
        1,
        1,
        1,
        1,
        1,
        1,
        78,
        78,
        null,
        null,
        null,
        1,
        5,
        2057,
        2057,
        null,
        null,
        null,
        1,
        1,
        574,
        574,
        null,
        null,
        null,
        1,
        2709,
        null,
        null,
        null,
        null,
        null,
        null,
        null
      ],
      "/home/mortensh/job/numbers_and_words/lib/numbers_and_words/strategies/figures_converter/languages/families/base.rb": [
        1,
        1,
        1,
        1,
        1,
        1,
        1,
        null,
        1,
        null,
        1,
        1872,
        312,
        1560,
        574,
        986,
        552,
        null,
        434,
        null,
        null,
        null,
        1,
        312,
        675,
        675,
        null,
        null,
        null,
        1,
        663,
        663,
        663,
        663,
        null,
        null,
        1,
        1225,
        1225,
        1225,
        null,
        null,
        null,
        1,
        null,
        1,
        648,
        null,
        null,
        1,
        677,
        null,
        null,
        1,
        1258,
        292,
        966,
        535,
        431,
        379,
        null,
        52,
        null,
        null,
        null,
        1,
        1225,
        1225,
        1225,
        1225,
        null,
        null,
        null,
        null,
        null,
        null,
        null
      ],
      "/home/mortensh/job/numbers_and_words/lib/numbers_and_words/strategies/figures_converter/languages/base.rb": [
        1,
        1,
        1,
        1,
        1,
        1,
        null,
        1,
        null,
        1,
        994,
        994,
        994,
        994,
        null,
        null,
        1,
        976,
        976,
        null,
        null,
        1,
        777,
        null,
        null,
        null,
        null,
        null,
        null
      ],
      "/home/mortensh/job/numbers_and_words/lib/numbers_and_words/strategies/figures_converter/languages/families/latin.rb": [
        1,
        1,
        1,
        1,
        1,
        1,
        1,
        null,
        null,
        null,
        null,
        null,
        null
      ],
      "/home/mortensh/job/numbers_and_words/lib/numbers_and_words/strategies/figures_converter/languages/en.rb": [
        1,
        1,
        1,
        1,
        1,
        1,
        null,
        1,
        4,
        445,
        null,
        null,
        null,
        1,
        136,
        null,
        null,
        1,
        38,
        null,
        null,
        1,
        null,
        null,
        null,
        116,
        null,
        null,
        1,
        116,
        null,
        null,
        1,
        728,
        null,
        null,
        1,
        136,
        null,
        null,
        1,
        38,
        null,
        null,
        null,
        null,
        null,
        null
      ],
      "/home/mortensh/job/numbers_and_words/lib/numbers_and_words/strategies/figures_converter/languages/en_gb.rb": [
        1,
        1,
        1,
        1,
        1,
        null,
        null,
        null,
        null,
        null
      ],
      "/home/mortensh/job/numbers_and_words/lib/numbers_and_words/strategies/figures_converter/languages/fr.rb": [
        1,
        1,
        1,
        1,
        1,
        1,
        null,
        1,
        null,
        1,
        43,
        43,
        43,
        43,
        43,
        null,
        null,
        1,
        22,
        null,
        null,
        1,
        43,
        null,
        null,
        1,
        52,
        null,
        null,
        1,
        37,
        null,
        null,
        null,
        null,
        null,
        null
      ],
      "/home/mortensh/job/numbers_and_words/lib/numbers_and_words/strategies/figures_converter/languages/hu.rb": [
        1,
        1,
        1,
        1,
        1,
        1,
        null,
        1,
        121,
        null,
        null,
        1,
        291,
        null,
        null,
        1,
        121,
        null,
        null,
        1,
        329,
        55,
        274,
        74,
        200,
        96,
        null,
        104,
        null,
        null,
        null,
        1,
        55,
        55,
        139,
        139,
        null,
        null,
        null,
        1,
        212,
        142,
        70,
        61,
        null,
        9,
        null,
        null,
        null,
        1,
        7,
        368,
        null,
        null,
        null,
        1,
        368,
        null,
        null,
        null,
        null,
        null,
        null
      ],
      "/home/mortensh/job/numbers_and_words/lib/numbers_and_words/strategies/figures_converter/languages/se.rb": [
        1,
        1,
        1,
        1,
        1,
        1,
        null,
        null,
        null,
        null,
        null
      ],
      "/home/mortensh/job/numbers_and_words/lib/numbers_and_words/strategies/figures_converter/languages/it.rb": [
        1,
        1,
        1,
        1,
        1,
        1,
        null,
        null,
        null,
        null,
        null
      ],
      "/home/mortensh/job/numbers_and_words/lib/numbers_and_words/strategies/figures_converter/languages/nl.rb": [
        1,
        1,
        1,
        1,
        1,
        1,
        null,
        1,
        42,
        null,
        null,
        1,
        43,
        22,
        22,
        22,
        22,
        null,
        21,
        null,
        null,
        null,
        null,
        null,
        null,
        null
      ],
      "/home/mortensh/job/numbers_and_words/lib/numbers_and_words/strategies/figures_converter/languages/tr.rb": [
        1,
        1,
        1,
        1,
        1,
        1,
        null,
        null,
        null,
        null,
        null
      ],
      "/home/mortensh/job/numbers_and_words/lib/numbers_and_words/strategies/figures_converter/languages/es.rb": [
        1,
        1,
        1,
        1,
        1,
        1,
        null,
        1,
        43,
        43,
        43,
        null,
        43,
        null,
        null,
        null,
        null,
        43,
        59,
        null,
        null,
        null,
        43,
        null,
        null,
        1,
        42,
        null,
        null,
        1,
        37,
        null,
        null,
        null,
        null,
        null,
        null
      ],
      "/home/mortensh/job/numbers_and_words/lib/numbers_and_words/strategies/figures_converter/languages/lv.rb": [
        1,
        1,
        1,
        1,
        1,
        1,
        null,
        1,
        null,
        1,
        43,
        43,
        43,
        43,
        43,
        null,
        null,
        1,
        22,
        null,
        null,
        1,
        43,
        null,
        null,
        1,
        52,
        null,
        null,
        1,
        37,
        null,
        null,
        null,
        null,
        null,
        null
      ],
      "/home/mortensh/job/numbers_and_words/lib/numbers_and_words/strategies/figures_converter/languages/families/cyrillic.rb": [
        1,
        1,
        1,
        1,
        1,
        1,
        1,
        null,
        1,
        150,
        null,
        150,
        null,
        34,
        null,
        64,
        null,
        52,
        null,
        null,
        null,
        1,
        2,
        150,
        null,
        null,
        null,
        1,
        104,
        null,
        null,
        null,
        null,
        null,
        null,
        null
      ],
      "/home/mortensh/job/numbers_and_words/lib/numbers_and_words/strategies/figures_converter/languages/ru.rb": [
        1,
        1,
        1,
        1,
        1,
        1,
        null,
        null,
        null,
        null,
        null
      ],
      "/home/mortensh/job/numbers_and_words/lib/numbers_and_words/strategies/figures_converter/languages/ua.rb": [
        1,
        1,
        1,
        1,
        1,
        1,
        null,
        null,
        null,
        null,
        null
      ],
      "/home/mortensh/job/numbers_and_words/lib/numbers_and_words/strategies/figures_converter/options.rb": [
        1,
        1,
        1,
        1,
        1,
        null,
        1,
        1,
        1,
        1,
        1,
        1,
        null,
        1,
        994,
        994,
        null,
        null,
        1,
        1450,
        null,
        0,
        null,
        null,
        1,
        null,
        1,
        1450,
        null,
        null,
        1,
        1450,
        null,
        null,
        null,
        null,
        null,
        null
      ],
      "/home/mortensh/job/numbers_and_words/lib/numbers_and_words/strategies/figures_converter/options/en.rb": [
        1,
        1,
        1,
        1
      ],
      "/home/mortensh/job/numbers_and_words/lib/numbers_and_words/strategies/figures_converter/options/en/hundreds_with_union.rb": [
        1,
        1,
        1,
        1,
        1,
        1,
        1,
        null,
        1,
        136,
        136,
        null,
        null,
        1,
        136,
        136,
        null,
        null,
        1,
        null,
        1,
        136,
        null,
        null,
        1,
        18,
        null,
        null,
        1,
        10,
        null,
        null,
        null,
        null,
        null,
        null,
        null
      ],
      "/home/mortensh/job/numbers_and_words/lib/numbers_and_words/strategies/figures_converter/options/en/remove_hyphen.rb": [
        1,
        1,
        1,
        1,
        1,
        1,
        1,
        null,
        1,
        116,
        116,
        null,
        null,
        null,
        1,
        116,
        null,
        null,
        1,
        null,
        1,
        116,
        null,
        null,
        null,
        null,
        null,
        null,
        null
      ],
      "/home/mortensh/job/numbers_and_words/lib/numbers_and_words/strategies/figures_converter/options/en/ordinal.rb": [
        1,
        1,
        1,
        1,
        1,
        1,
        1,
        1,
        1,
        null,
        1,
        728,
        728,
        null,
        null,
        1,
        728,
        728,
        null,
        null,
        1,
        null,
        1,
        398,
        null,
        null,
        1,
        594,
        null,
        null,
        1,
        134,
        null,
        null,
        1,
        null,
        594,
        null,
        null,
        1,
        134,
        null,
        null,
        1,
        74,
        null,
        null,
        1,
        728,
        null,
        null,
        1,
        134,
        null,
        null,
        null,
        null,
        null,
        null,
        null
      ],
      "/home/mortensh/job/numbers_and_words/lib/numbers_and_words/strategies/figures_converter/options/en/remove_zero.rb": [
        1,
        1,
        1,
        1,
        1,
        1,
        1,
        null,
        1,
        38,
        38,
        null,
        null,
        null,
        1,
        38,
        null,
        null,
        1,
        null,
        1,
        38,
        null,
        null,
        null,
        null,
        null,
        null,
        null
      ],
      "/home/mortensh/job/numbers_and_words/lib/numbers_and_words/strategies/figures_converter/options/en_gb.rb": [
        1,
        1,
        1,
        1
      ],
      "/home/mortensh/job/numbers_and_words/lib/numbers_and_words/strategies/figures_converter/options/en_gb/hundreds_with_union.rb": [
        1,
        1,
        1,
        1,
        1,
        1,
        null,
        null,
        null,
        null,
        null,
        null
      ],
      "/home/mortensh/job/numbers_and_words/lib/numbers_and_words/strategies/figures_converter/options/en_gb/remove_hyphen.rb": [
        1,
        1,
        1,
        1,
        1,
        1,
        null,
        null,
        null,
        null,
        null,
        null
      ],
      "/home/mortensh/job/numbers_and_words/lib/numbers_and_words/strategies/figures_converter/options/en_gb/ordinal.rb": [
        1,
        1,
        1,
        1,
        1,
        1,
        null,
        null,
        null,
        null,
        null,
        null
      ],
      "/home/mortensh/job/numbers_and_words/lib/numbers_and_words/strategies/figures_converter/options/en_gb/remove_zero.rb": [
        1,
        1,
        1,
        1,
        1,
        1,
        null,
        null,
        null,
        null,
        null,
        null
      ],
      "/home/mortensh/job/numbers_and_words/lib/numbers_and_words/strategies/figures_converter/options/ru.rb": [
        1
      ],
      "/home/mortensh/job/numbers_and_words/lib/numbers_and_words/strategies/figures_converter/options/ru/gender.rb": [
        1,
        1,
        1,
        1,
        1,
        1,
        1,
        null,
        1,
        32,
        32,
        null,
        null,
        1,
        32,
        null,
        null,
        1,
        null,
        1,
        32,
        null,
        null,
        null,
        null,
        null,
        null,
        null
      ],
      "/home/mortensh/job/numbers_and_words/lib/numbers_and_words/strategies/figures_converter/options/ua.rb": [
        1
      ],
      "/home/mortensh/job/numbers_and_words/lib/numbers_and_words/strategies/figures_converter/options/ua/gender.rb": [
        1,
        1,
        1,
        1,
        1,
        1,
        1,
        null,
        1,
        32,
        32,
        null,
        null,
        1,
        32,
        null,
        null,
        1,
        null,
        1,
        32,
        null,
        null,
        null,
        null,
        null,
        null,
        null
      ],
      "/home/mortensh/job/numbers_and_words/lib/numbers_and_words/strategies/figures_converter/options/hu.rb": [
        1
      ],
      "/home/mortensh/job/numbers_and_words/lib/numbers_and_words/strategies/figures_converter/options/hu/ordinal.rb": [
        1,
        1,
        1,
        1,
        1,
        1,
        1,
        1,
        1,
        null,
        1,
        368,
        368,
        null,
        null,
        1,
        368,
        368,
        null,
        null,
        1,
        null,
        1,
        173,
        null,
        null,
        1,
        291,
        null,
        null,
        1,
        77,
        null,
        null,
        1,
        null,
        291,
        null,
        null,
        1,
        77,
        null,
        null,
        1,
        42,
        null,
        null,
        1,
        368,
        null,
        null,
        1,
        77,
        null,
        null,
        null,
        null,
        null,
        null,
        null
      ],
      "/home/mortensh/job/numbers_and_words/lib/numbers_and_words/strategies/figures_converter/decorators.rb": [
        1,
        1,
        1,
        1,
        1,
        1,
        null,
        1,
        1,
        1,
        1,
        1,
        1,
        null,
        1,
        994,
        null,
        null,
        1,
        null,
        1,
        2982,
        null,
        null,
        1,
        994,
        null,
        null,
        1,
        172,
        null,
        null,
        null,
        null,
        null,
        null
      ],
      "/home/mortensh/job/numbers_and_words/lib/numbers_and_words/strategies/figures_converter/decorators/base.rb": [
        1,
        1,
        1,
        1,
        1,
        1,
        994,
        994,
        null,
        null,
        1,
        976,
        null,
        null,
        null,
        null,
        null,
        null
      ],
      "/home/mortensh/job/numbers_and_words/lib/numbers_and_words/strategies/figures_converter/decorators/en.rb": [
        1,
        1,
        1
      ],
      "/home/mortensh/job/numbers_and_words/lib/numbers_and_words/strategies/figures_converter/decorators/en/base.rb": [
        1,
        1,
        1,
        1,
        1,
        1,
        null,
        null,
        null,
        null,
        null,
        null
      ],
      "/home/mortensh/job/numbers_and_words/lib/numbers_and_words/strategies/figures_converter/decorators/en/fractional.rb": [
        1,
        1,
        1,
        1,
        1,
        1,
        null,
        1,
        21,
        null,
        null,
        1,
        null,
        1,
        21,
        null,
        null,
        1,
        62,
        null,
        null,
        1,
        99,
        null,
        null,
        1,
        39,
        null,
        null,
        1,
        39,
        null,
        null,
        null,
        null,
        null,
        null,
        null
      ],
      "/home/mortensh/job/numbers_and_words/lib/numbers_and_words/strategies/figures_converter/decorators/en/integral.rb": [
        1,
        1,
        1,
        1,
        1,
        1,
        null,
        null,
        null,
        null,
        null,
        null
      ],
      "/home/mortensh/job/numbers_and_words/lib/numbers_and_words/strategies/figures_converter/decorators/en_gb.rb": [
        1,
        1,
        1
      ],
      "/home/mortensh/job/numbers_and_words/lib/numbers_and_words/strategies/figures_converter/decorators/en_gb/base.rb": [
        1,
        1,
        1,
        1,
        1,
        1,
        null,
        null,
        null,
        null,
        null,
        null
      ],
      "/home/mortensh/job/numbers_and_words/lib/numbers_and_words/strategies/figures_converter/decorators/en_gb/fractional.rb": [
        1,
        1,
        1,
        1,
        1,
        1,
        1,
        null,
        1,
        18,
        null,
        null,
        1,
        null,
        1,
        18,
        null,
        null,
        1,
        18,
        null,
        null,
        null,
        null,
        null,
        null,
        null
      ],
      "/home/mortensh/job/numbers_and_words/lib/numbers_and_words/strategies/figures_converter/decorators/en_gb/integral.rb": [
        1,
        1,
        1,
        1,
        1,
        1,
        null,
        null,
        null,
        null,
        null,
        null
      ],
      "/home/mortensh/job/numbers_and_words/lib/numbers_and_words/strategies/figures_converter/decorators/ru.rb": [
        1,
        1,
        1
      ],
      "/home/mortensh/job/numbers_and_words/lib/numbers_and_words/strategies/figures_converter/decorators/ru/base.rb": [
        1,
        1,
        1,
        1,
        1,
        1,
        null,
        null,
        null,
        null,
        null,
        null
      ],
      "/home/mortensh/job/numbers_and_words/lib/numbers_and_words/strategies/figures_converter/decorators/ru/fractional.rb": [
        1,
        1,
        1,
        1,
        1,
        1,
        null,
        1,
        15,
        15,
        null,
        null,
        1,
        null,
        1,
        15,
        null,
        null,
        1,
        31,
        null,
        null,
        1,
        45,
        null,
        null,
        1,
        15,
        null,
        null,
        1,
        15,
        null,
        null,
        null,
        null,
        null,
        null,
        null
      ],
      "/home/mortensh/job/numbers_and_words/lib/numbers_and_words/strategies/figures_converter/decorators/ru/integral.rb": [
        1,
        1,
        1,
        1,
        1,
        1,
        null,
        1,
        15,
        15,
        null,
        null,
        1,
        null,
        1,
        15,
        null,
        null,
        1,
        15,
        null,
        null,
        null,
        null,
        null,
        null,
        null
      ],
      "/home/mortensh/job/numbers_and_words/lib/numbers_and_words/strategies/figures_converter/decorators/hu.rb": [
        1,
        1,
        1
      ],
      "/home/mortensh/job/numbers_and_words/lib/numbers_and_words/strategies/figures_converter/decorators/hu/base.rb": [
        1,
        1,
        1,
        1,
        1,
        1,
        null,
        null,
        null,
        null,
        null,
        null
      ],
      "/home/mortensh/job/numbers_and_words/lib/numbers_and_words/strategies/figures_converter/decorators/hu/fractional.rb": [
        1,
        1,
        1,
        1,
        1,
        1,
        null,
        1,
        17,
        null,
        null,
        1,
        null,
        1,
        17,
        null,
        null,
        1,
        35,
        null,
        null,
        1,
        51,
        null,
        null,
        1,
        17,
        null,
        null,
        1,
        17,
        null,
        null,
        null,
        null,
        null,
        null,
        null
      ],
      "/home/mortensh/job/numbers_and_words/lib/numbers_and_words/strategies/figures_converter/decorators/hu/integral.rb": [
        1,
        1,
        1,
        1,
        1,
        1,
        null,
        null,
        null,
        null,
        null,
        null
      ],
      "/home/mortensh/job/numbers_and_words/lib/numbers_and_words/strategies/figures_converter/decorators/ua.rb": [
        1,
        1,
        1
      ],
      "/home/mortensh/job/numbers_and_words/lib/numbers_and_words/strategies/figures_converter/decorators/ua/base.rb": [
        1,
        1,
        1,
        1,
        1,
        1,
        null,
        null,
        null,
        null,
        null,
        null
      ],
      "/home/mortensh/job/numbers_and_words/lib/numbers_and_words/strategies/figures_converter/decorators/ua/fractional.rb": [
        1,
        1,
        1,
        1,
        1,
        1,
        null,
        1,
        15,
        15,
        null,
        null,
        1,
        null,
        1,
        15,
        null,
        null,
        1,
        31,
        null,
        null,
        1,
        45,
        null,
        null,
        1,
        15,
        null,
        null,
        1,
        15,
        null,
        null,
        null,
        null,
        null,
        null,
        null
      ],
      "/home/mortensh/job/numbers_and_words/lib/numbers_and_words/strategies/figures_converter/decorators/ua/integral.rb": [
        1,
        1,
        1,
        1,
        1,
        1,
        null,
        1,
        15,
        15,
        null,
        null,
        1,
        null,
        1,
        15,
        null,
        null,
        1,
        15,
        null,
        null,
        null,
        null,
        null,
        null,
        null
      ],
      "/home/mortensh/job/numbers_and_words/lib/numbers_and_words/strategies/array_joiner.rb": [
        1,
        null,
        1,
        1,
        1,
        1,
        null,
        1,
        null,
        1,
        86,
        86,
        86,
        86,
        null,
        null,
        1,
        86,
        null,
        null,
        null,
        null,
        null
      ],
      "/home/mortensh/job/numbers_and_words/lib/numbers_and_words/strategies/array_joiner/languages.rb": [
        1,
        null,
        1,
        null,
        1,
        1,
        1,
        1,
        1,
        null,
        1,
        1,
        1,
        1,
        1,
        1,
        86,
        null,
        null,
        null,
        null,
        null,
        null
      ],
      "/home/mortensh/job/numbers_and_words/lib/numbers_and_words/strategies/array_joiner/languages/families/base.rb": [
        1,
        1,
        1,
        1,
        1,
        1,
        null,
        1,
        68,
        null,
        null,
        1,
        79,
        null,
        null,
        1,
        160,
        null,
        null,
        null,
        null,
        null,
        null,
        null
      ],
      "/home/mortensh/job/numbers_and_words/lib/numbers_and_words/strategies/array_joiner/languages/base.rb": [
        1,
        1,
        1,
        1,
        1,
        1,
        null,
        1,
        null,
        1,
        86,
        86,
        86,
        86,
        null,
        null,
        1,
        86,
        null,
        null,
        null,
        null,
        null,
        null
      ],
      "/home/mortensh/job/numbers_and_words/lib/numbers_and_words/strategies/array_joiner/languages/en.rb": [
        1,
        1,
        1,
        1,
        1,
        null,
        null,
        null,
        null,
        null
      ],
      "/home/mortensh/job/numbers_and_words/lib/numbers_and_words/strategies/array_joiner/languages/en_gb.rb": [
        1,
        1,
        1,
        1,
        1,
        1,
        18,
        null,
        null,
        1,
        18,
        null,
        null,
        null,
        null,
        null,
        null
      ],
      "/home/mortensh/job/numbers_and_words/lib/numbers_and_words/strategies/array_joiner/languages/hu.rb": [
        1,
        1,
        1,
        1,
        1,
        null,
        null,
        null,
        null,
        null
      ],
      "/home/mortensh/job/numbers_and_words/lib/numbers_and_words/strategies/array_joiner/languages/ru.rb": [
        1,
        1,
        1,
        1,
        1,
        null,
        null,
        null,
        null,
        null
      ],
      "/home/mortensh/job/numbers_and_words/lib/numbers_and_words/strategies/array_joiner/languages/ua.rb": [
        1,
        1,
        1,
        1,
        1,
        null,
        null,
        null,
        null,
        null
      ],
      "/home/mortensh/job/numbers_and_words/lib/numbers_and_words/helper_classes.rb": [
        1,
        1
      ],
      "/home/mortensh/job/numbers_and_words/lib/numbers_and_words/helper_classes/figures_array.rb": [
        1,
        1,
        null,
        1,
        1,
        1,
        1,
        null,
        1,
        994,
        1988,
        null,
        null,
        1,
        1348,
        null,
        null,
        1,
        1988,
        null,
        null,
        null
      ],
      "/home/mortensh/job/numbers_and_words/lib/numbers_and_words/helper_classes/array_extensions/helpers.rb": [
        1,
        1,
        1,
        1,
        1,
        1,
        1,
        null,
        1,
        2814,
        null,
        null,
        1,
        2746,
        2746,
        null,
        null,
        1,
        1403,
        null,
        null,
        1,
        178,
        null,
        null,
        1,
        0,
        null,
        null,
        1,
        4960,
        null,
        null,
        1,
        1762,
        null,
        null,
        1,
        6577,
        null,
        null,
        1,
        1216,
        null,
        null,
        1,
        2482,
        null,
        null,
        1,
        18,
        null,
        null,
        1,
        68,
        null,
        null,
        1,
        0,
        null,
        null,
        1,
        68,
        null,
        null,
        1,
        68,
        null,
        null,
        1,
        68,
        null,
        null,
        1,
        1275,
        null,
        null,
        1,
        211,
        211,
        null,
        null,
        null,
        null,
        null
      ],
      "/home/mortensh/job/numbers_and_words/lib/numbers_and_words/helper_classes/array_extensions/validations.rb": [
        1,
        1,
        1,
        null,
        null,
        1,
        null,
        null,
        null,
        null,
        null,
        null,
        null,
        null,
        null,
        null,
        null,
        null,
        null
      ],
      "/home/mortensh/job/numbers_and_words/lib/numbers_and_words/helper_classes/words_array.rb": [
        1,
        1,
        null,
        1,
        1,
        null,
        1,
        172,
        null,
        null,
        1,
        172,
        null,
        null,
        null
      ],
      "/home/mortensh/job/numbers_and_words/lib/numbers_and_words/core_ext.rb": [
        1,
        1,
        1
      ],
      "/home/mortensh/job/numbers_and_words/lib/numbers_and_words/core_ext/integer.rb": [
        1,
        1,
        994,
        null,
        null
      ],
      "/home/mortensh/job/numbers_and_words/lib/numbers_and_words/core_ext/float.rb": [
        1,
        1,
        86,
        null,
        null
      ],
      "/home/mortensh/job/numbers_and_words/lib/numbers_and_words/core_ext/array.rb": [
        1,
        1,
        191,
        null,
        null,
        1,
        2428,
        null,
        null
      ],
      "/home/mortensh/job/numbers_and_words/lib/numbers_and_words/wrappers.rb": [
        1,
        1
      ],
      "/home/mortensh/job/numbers_and_words/lib/numbers_and_words/wrappers/integer.rb": [
        1,
        1,
        1,
        1,
        null,
        1,
        994,
        null,
        null,
        1,
        994,
        null,
        null,
        1,
        null,
        1,
        994,
        null,
        null,
        null,
        null
      ],
      "/home/mortensh/job/numbers_and_words/lib/numbers_and_words/wrappers/float.rb": [
        1,
        1,
        1,
        1,
        null,
        1,
        86,
        null,
        null,
        1,
        86,
        86,
        86,
        86,
        null,
        null,
        1,
        null,
        1,
        344,
        null,
        null,
        1,
        0,
        null,
        null,
        1,
        86,
        null,
        null,
        1,
        258,
        null,
        null,
        1,
        86,
        null,
        null,
        1,
        86,
        null,
        null,
        1,
        86,
        null,
        null,
        1,
        86,
        null,
        null,
        1,
        0,
        null,
        null,
        1,
        86,
        null,
        null,
        null,
        null
      ],
      "/home/mortensh/job/numbers_and_words/lib/numbers_and_words/i18n.rb": [
        1,
        1,
        null,
        1,
        1,
        1,
        null,
        1,
        1094,
        null,
        null,
        1,
        1080,
        1080,
        null,
        0,
        0,
        null,
        null,
        null,
        1,
        3782,
        null,
        null,
        1,
        2,
        null,
        null,
        1,
        5,
        null,
        null,
        null
      ],
      "/home/mortensh/job/numbers_and_words/lib/numbers_and_words/i18n/pluralization.rb": [
        1,
        1,
        1,
        1,
        1,
        null,
        1,
        1,
        1,
        1,
        null,
        1,
        1,
        1,
        null,
        null,
        1,
        1,
        null,
        null,
        1,
        2,
        null,
        null,
        1,
        1,
        null,
        null,
        1,
        6,
        null,
        null,
        null,
        null
      ],
      "/home/mortensh/job/numbers_and_words/lib/numbers_and_words/i18n/plurals/ru.rb": [
        1,
        1,
        1,
        1,
        1,
        176,
        null,
        null,
        null,
        null,
        null,
        1,
        null,
        1,
        176,
        null,
        null,
        1,
        157,
        null,
        null,
        1,
        123,
        null,
        null,
        null,
        null,
        null
      ],
      "/home/mortensh/job/numbers_and_words/lib/numbers_and_words/i18n/plurals/ua.rb": [
        1,
        1,
        1,
        1,
        1,
        null,
        null,
        null,
        null
      ],
      "/home/mortensh/job/numbers_and_words/lib/numbers_and_words/i18n/plurals/fr.rb": [
        1,
        1,
        1,
        1,
        102,
        null,
        1,
        null,
        1,
        101,
        null,
        null,
        null,
        null,
        null
      ],
      "/home/mortensh/job/numbers_and_words/lib/numbers_and_words/i18n/plurals/es.rb": [
        1,
        1,
        1,
        1,
        1,
        null,
        1,
        null,
        null,
        null,
        null
      ],
      "/home/mortensh/job/numbers_and_words/lib/numbers_and_words/i18n/plurals/lv.rb": [
        1,
        1,
        1,
        1,
        38,
        null,
        1,
        null,
        1,
        37,
        null,
        null,
        null,
        null,
        null
      ],
      "/home/mortensh/job/numbers_and_words/lib/numbers_and_words/i18n/initialization.rb": [
        1,
        1,
        1,
        1,
        null,
        1,
        13,
        1,
        null,
        null,
        null,
        null
      ],
      "/home/mortensh/job/numbers_and_words/lib/numbers_and_words/version.rb": [
        1,
        1,
        null
      ],
      "/home/mortensh/job/numbers_and_words/spec/support/helpers.rb": [
        1,
        29,
        29,
        29,
        29,
        null,
        null,
        null
      ],
      "/home/mortensh/job/numbers_and_words/spec/numbers_and_words/i18n/initialization_spec.rb": [
        1,
        null,
        1,
        1,
        1,
        null,
        1,
        null,
        null,
        null
      ],
      "/home/mortensh/job/numbers_and_words/spec/numbers_and_words/i18n/pluralization/fr_spec.rb": [
        1,
        null,
        1,
        1,
        1,
        3,
        1,
        null,
        null,
        1,
        1,
        1,
        1,
        1,
        1,
        1,
        1,
        1,
        1,
        1,
        1,
        1,
        null,
        null
      ],
      "/home/mortensh/job/numbers_and_words/spec/numbers_and_words/i18n/pluralization/ru_spec.rb": [
        1,
        null,
        1,
        1,
        1,
        5,
        1,
        null,
        null,
        1,
        1,
        1,
        1,
        1,
        1,
        1,
        1,
        1,
        1,
        1,
        1,
        1,
        null,
        null
      ],
      "/home/mortensh/job/numbers_and_words/spec/numbers_and_words/i18n/pluralization_spec.rb": [
        1,
        null,
        1,
        null
      ],
      "/home/mortensh/job/numbers_and_words/spec/numbers_and_words/numbers_and_words_spec.rb": [
        null,
        1,
        1,
        null,
        1,
        2,
        2,
        24,
        1428,
        null,
        48,
        24,
        null,
        null,
        null,
        null,
        null,
        null,
        1,
        1,
        1,
        5,
        171,
        null,
        10,
        5,
        null,
        null,
        null,
        null,
        null
      ],
      "/home/mortensh/job/numbers_and_words/spec/shared_examples/correct_fixture_examples.rb": [
        1,
        29,
        29,
        29,
        121,
        121,
        121,
        785,
        1570,
        1570,
        null,
        null,
        null,
        null,
        null,
        null,
        null,
        null,
        1,
        121,
        null
      ],
      "/home/mortensh/job/numbers_and_words/spec/numbers_and_words/version_spec.rb": [
        1,
        null,
        1,
        4,
        2,
        null,
        2,
        2,
        2,
        null
      ]
    },
    "timestamp": 1368443667
  }
}
